<?xml version="1.0" encoding="UTF-8"?>
<testng-results skipped="0" failed="0" ignored="0" total="1" passed="1">
  <reporter-output>
  </reporter-output>
  <suite name="Default suite" duration-ms="23486" started-at="2021-01-28T19:32:03Z" finished-at="2021-01-28T19:32:26Z">
    <groups>
    </groups>
    <test name="Default test" duration-ms="23486" started-at="2021-01-28T19:32:03Z" finished-at="2021-01-28T19:32:26Z">
      <class name="test.SampleTest">
        <test-method status="PASS" signature="setUp(java.lang.String)[pri:0, instance:test.SampleTest@68be2bc2]" name="setUp" is-config="true" duration-ms="6124" started-at="2021-01-29T01:02:03Z" finished-at="2021-01-29T01:02:09Z">
          <params>
            <param index="0">
              <value>
                <![CDATA[chrome]]>
              </value>
            </param>
          </params>
          <reporter-output>
          </reporter-output>
        </test-method> <!-- setUp -->
        <test-method status="PASS" signature="amazonItemCostAssertion()[pri:0, instance:test.SampleTest@68be2bc2]" name="amazonItemCostAssertion" duration-ms="17347" started-at="2021-01-29T01:02:09Z" finished-at="2021-01-29T01:02:26Z">
          <reporter-output>
          </reporter-output>
        </test-method> <!-- amazonItemCostAssertion -->
      </class> <!-- test.SampleTest -->
    </test> <!-- Default test -->
  </suite> <!-- Default suite -->
</testng-results>
